# JRE version: Java(TM) SE Runtime Environment (17.0.12+8) (build 17.0.12+8-LTS-286)
# Java VM: Java HotSpot(TM) 64-Bit Server VM (17.0.12+8-LTS-286, mixed mode, emulated-client, sharing, tiered, compressed oops, compressed class ptrs, g1 gc, windows-amd64)
GC Precious Log:
 CPUs: 2 total, 2 available
 Memory: 3979M
 Large Page Support: Disabled
 NUMA Support: Disabled
 Compressed Oops: Enabled (32-bit)
 Heap Region Size: 1M
 Heap Min Capacity: 8M
 Heap Initial Capacity: 64M
 Heap Max Capacity: 996M
 Pre-touch: Disabled
 Parallel Workers: 2
 Concurrent Workers: 1
 Concurrent Refinement Workers: 2
 Periodic GC: Disabled
Heap:
 garbage-first heap   total 65536K, used 29591K [0x00000000c1c00000, 0x0000000100000000)
  region size 1024K, 25 young (25600K), 4 survivors (4096K)
 Metaspace       used 19914K, committed 20160K, reserved 1114112K
  class space    used 2415K, committed 2560K, reserved 1048576K
GC Heap History (8 events):
Event: 7.633 GC heap before
{Heap before GC invocations=0 (full 0):
 garbage-first heap   total 65536K, used 7168K [0x00000000c1c00000, 0x0000000100000000)
  region size 1024K, 6 young (6144K), 0 survivors (0K)
 Metaspace       used 2156K, committed 2304K, reserved 1114112K
  class space    used 187K, committed 256K, reserved 1048576K
}
Event: 7.642 GC heap after
{Heap after GC invocations=1 (full 0):
 garbage-first heap   total 65536K, used 5192K [0x00000000c1c00000, 0x0000000100000000)
  region size 1024K, 1 young (1024K), 1 survivors (1024K)
 Metaspace       used 2156K, committed 2304K, reserved 1114112K
  class space    used 187K, committed 256K, reserved 1048576K
}
Event: 8.300 GC heap before
{Heap before GC invocations=1 (full 0):
 garbage-first heap   total 65536K, used 8264K [0x00000000c1c00000, 0x0000000100000000)
  region size 1024K, 5 young (5120K), 1 survivors (1024K)
 Metaspace       used 4176K, committed 4352K, reserved 1114112K
  class space    used 364K, committed 448K, reserved 1048576K
}
Event: 8.308 GC heap after
{Heap after GC invocations=2 (full 0):
 garbage-first heap   total 65536K, used 6910K [0x00000000c1c00000, 0x0000000100000000)
  region size 1024K, 1 young (1024K), 1 survivors (1024K)
 Metaspace       used 4176K, committed 4352K, reserved 1114112K
  class space    used 364K, committed 448K, reserved 1048576K
}
Event: 12.082 GC heap before
{Heap before GC invocations=2 (full 0):
 garbage-first heap   total 65536K, used 15102K [0x00000000c1c00000, 0x0000000100000000)
  region size 1024K, 9 young (9216K), 1 survivors (1024K)
 Metaspace       used 9087K, committed 9280K, reserved 1114112K
  class space    used 948K, committed 1088K, reserved 1048576K
}
Event: 12.092 GC heap after
{Heap after GC invocations=3 (full 0):
 garbage-first heap   total 65536K, used 8135K [0x00000000c1c00000, 0x0000000100000000)
  region size 1024K, 2 young (2048K), 2 survivors (2048K)
 Metaspace       used 9087K, committed 9280K, reserved 1114112K
  class space    used 948K, committed 1088K, reserved 1048576K
}
Event: 15.919 GC heap before
{Heap before GC invocations=3 (full 0):
 garbage-first heap   total 65536K, used 36807K [0x00000000c1c00000, 0x0000000100000000)
  region size 1024K, 31 young (31744K), 2 survivors (2048K)
 Metaspace       used 15478K, committed 15744K, reserved 1114112K
  class space    used 1906K, committed 2048K, reserved 1048576K
}
Event: 15.937 GC heap after
{Heap after GC invocations=4 (full 0):
 garbage-first heap   total 65536K, used 10135K [0x00000000c1c00000, 0x0000000100000000)
  region size 1024K, 4 young (4096K), 4 survivors (4096K)
 Metaspace       used 15478K, committed 15744K, reserved 1114112K
  class space    used 1906K, committed 2048K, reserved 1048576K
}

